Using pre-set license
Built from '2020.2/release' branch; Version is '2020.2.2f1 (068178b99f32) revision 426360'; Using compiler version '192528614'; Build Type 'Release'
OS: 'Windows 10 Pro; OS build 26100.4061; Version 2009; 64bit' Language: 'en' Physical Memory: 24493 MB
BatchMode: 1, IsHumanControllingUs: 0, StartBugReporterOnCrash: 0, Is64bit: 1, IsPro: 0

 COMMAND LINE ARGUMENTS:
C:\Program Files\Unity\Hub\Editor\2020.2.2f1\Editor\Unity.exe
-adb2
-batchMode
-noUpm
-name
AssetImportWorker0
-projectPath
E:/Game Making/RPG Tiny World/RPG Tiny World
-logFile
Logs/AssetImportWorker0.log
-srvPort
59914
Successfully changed project path to: E:/Game Making/RPG Tiny World/RPG Tiny World
E:/Game Making/RPG Tiny World/RPG Tiny World
Using Asset Import Pipeline V2.
Refreshing native plugins compatible for Editor in 34.48 ms, found 0 plugins.
Preloading 0 native plugins for Editor in 0.00 ms.
Initialize engine version: 2020.2.2f1 (068178b99f32)
[Subsystems] Discovering subsystems at path C:/Program Files/Unity/Hub/Editor/2020.2.2f1/Editor/Data/Resources/UnitySubsystems
[Subsystems] Discovering subsystems at path E:/Game Making/RPG Tiny World/RPG Tiny World/Assets
GfxDevice: creating device client; threaded=0
Direct3D:
    Version:  Direct3D 11.0 [level 11.1]
    Renderer: NVIDIA GeForce RTX 2080 Ti (ID=0x1e07)
    Vendor:   
    VRAM:     11027 MB
    Driver:   32.0.15.7270
Initialize mono
Mono path[0] = 'C:/Program Files/Unity/Hub/Editor/2020.2.2f1/Editor/Data/Managed'
Mono path[1] = 'C:/Program Files/Unity/Hub/Editor/2020.2.2f1/Editor/Data/MonoBleedingEdge/lib/mono/unityjit'
Mono config path = 'C:/Program Files/Unity/Hub/Editor/2020.2.2f1/Editor/Data/MonoBleedingEdge/etc'
Using monoOptions --debugger-agent=transport=dt_socket,embedding=1,server=y,suspend=n,address=127.0.0.1:56984
Begin MonoManager ReloadAssembly
Registering precompiled unity dll's ...
Register platform support module: C:/Program Files/Unity/Hub/Editor/2020.2.2f1/Editor/Data/PlaybackEngines/WindowsStandaloneSupport/UnityEditor.WindowsStandalone.Extensions.dll
Registered in 0.001415 seconds.
Native extension for WindowsStandalone target not found
Refreshing native plugins compatible for Editor in 32.55 ms, found 0 plugins.
Preloading 0 native plugins for Editor in 0.00 ms.
Invoked RoslynAnalysisRunner static constructor.
RoslynAnalysisRunner will not be running.
RoslynAnalysisRunner has terminated.
Mono: successfully reloaded assembly
- Completed reload, in  0.744 seconds
Platform modules already initialized, skipping
Registering precompiled user dll's ...
Registered in 0.001319 seconds.
Begin MonoManager ReloadAssembly
Native extension for WindowsStandalone target not found
Refreshing native plugins compatible for Editor in 0.65 ms, found 0 plugins.
Preloading 0 native plugins for Editor in 0.00 ms.
Invoked RoslynAnalysisRunner static constructor.
RoslynAnalysisRunner will not be running.
RoslynAnalysisRunner has terminated.
Mono: successfully reloaded assembly
- Completed reload, in  0.527 seconds
Platform modules already initialized, skipping
========================================================================
Worker process is ready to serve import requests
Launched and connected shader compiler UnityShaderCompiler.exe after 0.03 seconds
Refreshing native plugins compatible for Editor in 1.19 ms, found 0 plugins.
Preloading 0 native plugins for Editor in 0.00 ms.
Unloading 1577 Unused Serialized files (Serialized files now loaded: 0)
System memory in use before: 91.6 MB.
System memory in use after: 91.7 MB.

Unloading 34 unused Assets to reduce memory usage. Loaded Objects now: 2036.
Total: 2.130600 ms (FindLiveObjects: 0.268100 ms CreateObjectMapping: 0.041600 ms MarkObjects: 1.721900 ms  DeleteObjects: 0.097300 ms)

========================================================================
Received Import Request.
  path: Assets/New Terrain.asset
  artifactKey: Guid(61ac9762e2e917a448b7d9f0201a455e) Importer(815301076,1909f56bfc062723c751e8b465ee728b)
Start importing Assets/New Terrain.asset using Guid(61ac9762e2e917a448b7d9f0201a455e) Importer(815301076,1909f56bfc062723c751e8b465ee728b)  -> (artifact id: 'aca24be596063266157e5ddd61152543') in 0.042712 seconds
  Import took 0.046335 seconds .

========================================================================
Received Prepare
Registering precompiled user dll's ...
Registered in 0.001305 seconds.
Begin MonoManager ReloadAssembly
Native extension for WindowsStandalone target not found
Refreshing native plugins compatible for Editor in 0.61 ms, found 0 plugins.
Preloading 0 native plugins for Editor in 0.00 ms.
Invoked RoslynAnalysisRunner static constructor.
RoslynAnalysisRunner will not be running.
RoslynAnalysisRunner has terminated.
Mono: successfully reloaded assembly
- Completed reload, in  0.530 seconds
Platform modules already initialized, skipping
Refreshing native plugins compatible for Editor in 1.28 ms, found 0 plugins.
Preloading 0 native plugins for Editor in 0.00 ms.
Unloading 1557 Unused Serialized files (Serialized files now loaded: 0)
System memory in use before: 91.5 MB.
System memory in use after: 91.6 MB.

Unloading 25 unused Assets to reduce memory usage. Loaded Objects now: 2039.
Total: 3.499800 ms (FindLiveObjects: 0.474200 ms CreateObjectMapping: 0.111400 ms MarkObjects: 2.880300 ms  DeleteObjects: 0.032900 ms)

========================================================================
Received Import Request.
  Time since last request: 1038.180945 seconds.
  path: Assets/New Terrain.asset
  artifactKey: Guid(61ac9762e2e917a448b7d9f0201a455e) Importer(815301076,1909f56bfc062723c751e8b465ee728b)
Start importing Assets/New Terrain.asset using Guid(61ac9762e2e917a448b7d9f0201a455e) Importer(815301076,1909f56bfc062723c751e8b465ee728b) The tree tree_large must use the Nature/Soft Occlusion shader. Otherwise billboarding/lighting will not work correctly.

The tree tree_small must use the Nature/Soft Occlusion shader. Otherwise billboarding/lighting will not work correctly.

 -> (artifact id: '56660446f3723db19b3a6b86d85f0fb0') in 0.050949 seconds
  Import took 0.054784 seconds .

========================================================================
Received Prepare
Registering precompiled user dll's ...
Registered in 0.001531 seconds.
Begin MonoManager ReloadAssembly
Native extension for WindowsStandalone target not found
Refreshing native plugins compatible for Editor in 0.62 ms, found 0 plugins.
Preloading 0 native plugins for Editor in 0.00 ms.
Invoked RoslynAnalysisRunner static constructor.
RoslynAnalysisRunner will not be running.
RoslynAnalysisRunner has terminated.
Mono: successfully reloaded assembly
- Completed reload, in  0.495 seconds
Platform modules already initialized, skipping
Refreshing native plugins compatible for Editor in 1.20 ms, found 0 plugins.
Preloading 0 native plugins for Editor in 0.00 ms.
Unloading 1556 Unused Serialized files (Serialized files now loaded: 0)
System memory in use before: 91.7 MB.
System memory in use after: 91.8 MB.

Unloading 25 unused Assets to reduce memory usage. Loaded Objects now: 2043.
Total: 1.727100 ms (FindLiveObjects: 0.201900 ms CreateObjectMapping: 0.044000 ms MarkObjects: 1.463200 ms  DeleteObjects: 0.017000 ms)

========================================================================
Received Prepare
Registering precompiled user dll's ...
Registered in 0.001486 seconds.
Begin MonoManager ReloadAssembly
Native extension for WindowsStandalone target not found
Refreshing native plugins compatible for Editor in 0.63 ms, found 0 plugins.
Preloading 0 native plugins for Editor in 0.00 ms.
Invoked RoslynAnalysisRunner static constructor.
RoslynAnalysisRunner will not be running.
RoslynAnalysisRunner has terminated.
Mono: successfully reloaded assembly
- Completed reload, in  0.518 seconds
Platform modules already initialized, skipping
Refreshing native plugins compatible for Editor in 1.32 ms, found 0 plugins.
Preloading 0 native plugins for Editor in 0.00 ms.
Unloading 1556 Unused Serialized files (Serialized files now loaded: 0)
System memory in use before: 91.7 MB.
System memory in use after: 91.8 MB.

Unloading 25 unused Assets to reduce memory usage. Loaded Objects now: 2045.
Total: 2.794000 ms (FindLiveObjects: 0.460800 ms CreateObjectMapping: 0.128200 ms MarkObjects: 2.178600 ms  DeleteObjects: 0.025300 ms)

========================================================================
Received Import Request.
  Time since last request: 1969.354523 seconds.
  path: Assets/Asset Packs/Synty - Polygon Student Sample/Models/Characters_POLYGON_Knights.fbx
  artifactKey: Guid(d288a0e4a2d923b46898986e979da643) Importer(815301076,1909f56bfc062723c751e8b465ee728b)
Start importing Assets/Asset Packs/Synty - Polygon Student Sample/Models/Characters_POLYGON_Knights.fbx using Guid(d288a0e4a2d923b46898986e979da643) Importer(815301076,1909f56bfc062723c751e8b465ee728b)  -> (artifact id: '12531adb2c6504b0b2fdf1b229fbc4f6') in 0.150203 seconds
  Import took 0.153035 seconds .

========================================================================
Received Import Request.
  Time since last request: 0.000161 seconds.
  path: Assets/Asset Packs/Synty - Polygon Student Sample/Models/SM_Prop_Crate_01.fbx
  artifactKey: Guid(b63a43da9ab50d847ad7383d9176deb6) Importer(815301076,1909f56bfc062723c751e8b465ee728b)
Start importing Assets/Asset Packs/Synty - Polygon Student Sample/Models/SM_Prop_Crate_01.fbx using Guid(b63a43da9ab50d847ad7383d9176deb6) Importer(815301076,1909f56bfc062723c751e8b465ee728b)  -> (artifact id: '30b9d3821df0a40a33ebcb2a08cd4d10') in 0.035013 seconds
  Import took 0.036923 seconds .

========================================================================
Received Import Request.
  Time since last request: 0.000143 seconds.
  path: Assets/Asset Packs/Synty - Polygon Student Sample/Models/SM_Wep_Rapier_01.fbx
  artifactKey: Guid(add7cae5f34ba314aabdb7fc42a46c39) Importer(815301076,1909f56bfc062723c751e8b465ee728b)
Start importing Assets/Asset Packs/Synty - Polygon Student Sample/Models/SM_Wep_Rapier_01.fbx using Guid(add7cae5f34ba314aabdb7fc42a46c39) Importer(815301076,1909f56bfc062723c751e8b465ee728b)  -> (artifact id: '4394959f1d24c06768a402b35aa45a46') in 0.021760 seconds
  Import took 0.023856 seconds .

========================================================================
Received Import Request.
  Time since last request: 0.000178 seconds.
  path: Assets/Asset Packs/Synty - Polygon Student Sample/Models/SM_Env_Flower_01.fbx
  artifactKey: Guid(ce6fbdc6baa4d3b468d9f9e66afc7869) Importer(815301076,1909f56bfc062723c751e8b465ee728b)
Start importing Assets/Asset Packs/Synty - Polygon Student Sample/Models/SM_Env_Flower_01.fbx using Guid(ce6fbdc6baa4d3b468d9f9e66afc7869) Importer(815301076,1909f56bfc062723c751e8b465ee728b)  -> (artifact id: '7939f224a385c69292bf63642bd99369') in 0.019337 seconds
  Import took 0.021743 seconds .

========================================================================
Received Import Request.
  Time since last request: 0.000194 seconds.
  path: Assets/Asset Packs/Synty - Polygon Student Sample/Models/SM_Env_FloorTile_01.fbx
  artifactKey: Guid(559a8d06c693aea4abc7298adcde2f04) Importer(815301076,1909f56bfc062723c751e8b465ee728b)
Start importing Assets/Asset Packs/Synty - Polygon Student Sample/Models/SM_Env_FloorTile_01.fbx using Guid(559a8d06c693aea4abc7298adcde2f04) Importer(815301076,1909f56bfc062723c751e8b465ee728b)  -> (artifact id: '9432846015656d2914092a0373b08e6b') in 0.018827 seconds
  Import took 0.021626 seconds .

========================================================================
Received Import Request.
  Time since last request: 0.000148 seconds.
  path: Assets/Asset Packs/Synty - Polygon Student Sample/Models/SM_Env_FloorTile_05.fbx
  artifactKey: Guid(57866f6a7e7c90341bd0cf0d03e1831a) Importer(815301076,1909f56bfc062723c751e8b465ee728b)
Start importing Assets/Asset Packs/Synty - Polygon Student Sample/Models/SM_Env_FloorTile_05.fbx using Guid(57866f6a7e7c90341bd0cf0d03e1831a) Importer(815301076,1909f56bfc062723c751e8b465ee728b)  -> (artifact id: '79a7c9f106310a461c83555f0aa8b3e0') in 0.030832 seconds
  Import took 0.032867 seconds .

========================================================================
Received Import Request.
  Time since last request: 0.000136 seconds.
  path: Assets/Asset Packs/Synty - Polygon Student Sample/Models/SM_Env_GroundMounds_01.fbx
  artifactKey: Guid(ea062f9137b754e43a827c5d1333c73d) Importer(815301076,1909f56bfc062723c751e8b465ee728b)
Start importing Assets/Asset Packs/Synty - Polygon Student Sample/Models/SM_Env_GroundMounds_01.fbx using Guid(ea062f9137b754e43a827c5d1333c73d) Importer(815301076,1909f56bfc062723c751e8b465ee728b)  -> (artifact id: '36be6c2579cce540edcf06345891225d') in 0.019483 seconds
  Import took 0.021361 seconds .

========================================================================
Received Import Request.
  Time since last request: 0.000140 seconds.
  path: Assets/Asset Packs/Synty - Polygon Student Sample/Models/SM_Wep_Sword_01.fbx
  artifactKey: Guid(38703959b00cc0145ba1149ca77cac13) Importer(815301076,1909f56bfc062723c751e8b465ee728b)
Start importing Assets/Asset Packs/Synty - Polygon Student Sample/Models/SM_Wep_Sword_01.fbx using Guid(38703959b00cc0145ba1149ca77cac13) Importer(815301076,1909f56bfc062723c751e8b465ee728b)  -> (artifact id: '15e311565c4d3d931c79b37dd5c271c7') in 0.022116 seconds
  Import took 0.024221 seconds .

========================================================================
Received Import Request.
  Time since last request: 0.000178 seconds.
  path: Assets/Asset Packs/Synty - Polygon Student Sample/Models/SM_Env_Bush_01.fbx
  artifactKey: Guid(e2d826462c94d6e40a1f35019c74ad10) Importer(815301076,1909f56bfc062723c751e8b465ee728b)
Start importing Assets/Asset Packs/Synty - Polygon Student Sample/Models/SM_Env_Bush_01.fbx using Guid(e2d826462c94d6e40a1f35019c74ad10) Importer(815301076,1909f56bfc062723c751e8b465ee728b)  -> (artifact id: '645bf861c4b47cda56dbd9025054f22f') in 0.020190 seconds
  Import took 0.022206 seconds .

========================================================================
Received Import Request.
  Time since last request: 0.000180 seconds.
  path: Assets/Asset Packs/Synty - Polygon Student Sample/Models/SM_Env_Grass_01.fbx
  artifactKey: Guid(aaca44a3eca756c419ccc26430c2a062) Importer(815301076,1909f56bfc062723c751e8b465ee728b)
Start importing Assets/Asset Packs/Synty - Polygon Student Sample/Models/SM_Env_Grass_01.fbx using Guid(aaca44a3eca756c419ccc26430c2a062) Importer(815301076,1909f56bfc062723c751e8b465ee728b)  -> (artifact id: '1a762eeca783b743b84facfa1ebd97e2') in 0.030211 seconds
  Import took 0.032654 seconds .

========================================================================
Received Import Request.
  Time since last request: 0.000142 seconds.
  path: Assets/Asset Packs/Synty - Polygon Student Sample/Models/SM_Prop_Pumpkin_01.fbx
  artifactKey: Guid(d671f15d904c3f64e8c432542700c1f4) Importer(815301076,1909f56bfc062723c751e8b465ee728b)
Start importing Assets/Asset Packs/Synty - Polygon Student Sample/Models/SM_Prop_Pumpkin_01.fbx using Guid(d671f15d904c3f64e8c432542700c1f4) Importer(815301076,1909f56bfc062723c751e8b465ee728b)  -> (artifact id: 'db47773728f05debf1482836b6133824') in 0.029334 seconds
  Import took 0.031422 seconds .

========================================================================
Received Import Request.
  Time since last request: 0.000141 seconds.
  path: Assets/Asset Packs/Synty - Polygon Student Sample/Models/SM_Env_Rock_015.fbx
  artifactKey: Guid(48d22365cdab5f74ea87a1f8df0d4ff4) Importer(815301076,1909f56bfc062723c751e8b465ee728b)
Start importing Assets/Asset Packs/Synty - Polygon Student Sample/Models/SM_Env_Rock_015.fbx using Guid(48d22365cdab5f74ea87a1f8df0d4ff4) Importer(815301076,1909f56bfc062723c751e8b465ee728b)  -> (artifact id: '9fcd8f8450e21ca679098ed23ef9cc6b') in 0.015748 seconds
  Import took 0.017959 seconds .

========================================================================
Received Import Request.
  Time since last request: 0.000198 seconds.
  path: Assets/Asset Packs/Synty - Polygon Student Sample/Models/SM_Env_Grass_Large_01.fbx
  artifactKey: Guid(d4a5410c829a9a645a530d28941d3ceb) Importer(815301076,1909f56bfc062723c751e8b465ee728b)
Start importing Assets/Asset Packs/Synty - Polygon Student Sample/Models/SM_Env_Grass_Large_01.fbx using Guid(d4a5410c829a9a645a530d28941d3ceb) Importer(815301076,1909f56bfc062723c751e8b465ee728b)  -> (artifact id: '552a901c03f661973edb24c6dc072b1b') in 0.018606 seconds
  Import took 0.020584 seconds .

========================================================================
Received Import Request.
  Time since last request: 0.000139 seconds.
  path: Assets/Asset Packs/Synty - Polygon Student Sample/Models/SM_Bld_Fence_02.fbx
  artifactKey: Guid(9ada23a6ef88d194e832263f906fb0af) Importer(815301076,1909f56bfc062723c751e8b465ee728b)
Start importing Assets/Asset Packs/Synty - Polygon Student Sample/Models/SM_Bld_Fence_02.fbx using Guid(9ada23a6ef88d194e832263f906fb0af) Importer(815301076,1909f56bfc062723c751e8b465ee728b)  -> (artifact id: '2e5153e7304746fe609427f8cc18a40c') in 0.016611 seconds
  Import took 0.018800 seconds .

========================================================================
Received Import Request.
  Time since last request: 0.000141 seconds.
  path: Assets/Asset Packs/Synty - Polygon Student Sample/Models/SM_Env_Hill_01.fbx
  artifactKey: Guid(431b36823ded13045a11c1a72a569697) Importer(815301076,1909f56bfc062723c751e8b465ee728b)
Start importing Assets/Asset Packs/Synty - Polygon Student Sample/Models/SM_Env_Hill_01.fbx using Guid(431b36823ded13045a11c1a72a569697) Importer(815301076,1909f56bfc062723c751e8b465ee728b)  -> (artifact id: '615e8924908f642a56ff5e7fdd1aa4f3') in 0.026197 seconds
  Import took 0.028490 seconds .

========================================================================
Received Import Request.
  Time since last request: 0.000150 seconds.
  path: Assets/Asset Packs/Synty - Polygon Student Sample/Models/SM_Bld_House_Door_02.fbx
  artifactKey: Guid(a611913609580724f9fa93d94babf25f) Importer(815301076,1909f56bfc062723c751e8b465ee728b)
Start importing Assets/Asset Packs/Synty - Polygon Student Sample/Models/SM_Bld_House_Door_02.fbx using Guid(a611913609580724f9fa93d94babf25f) Importer(815301076,1909f56bfc062723c751e8b465ee728b)  -> (artifact id: 'f5bcdc65b196d4696314313796bf2571') in 0.017258 seconds
  Import took 0.019367 seconds .

========================================================================
Received Import Request.
  Time since last request: 0.000173 seconds.
  path: Assets/Asset Packs/Synty - Polygon Student Sample/Models/SM_Bld_House_Roof_Wood_01.fbx
  artifactKey: Guid(77b34bb6ede1cbe408ac8dbcd04298c0) Importer(815301076,1909f56bfc062723c751e8b465ee728b)
Start importing Assets/Asset Packs/Synty - Polygon Student Sample/Models/SM_Bld_House_Roof_Wood_01.fbx using Guid(77b34bb6ede1cbe408ac8dbcd04298c0) Importer(815301076,1909f56bfc062723c751e8b465ee728b)  -> (artifact id: '87033d4bffe99958fb80f6be9fa7fa0e') in 0.019240 seconds
  Import took 0.021352 seconds .

========================================================================
Received Import Request.
  Time since last request: 0.000162 seconds.
  path: Assets/Asset Packs/Synty - Polygon Student Sample/Models/SM_Env_Tree_010.fbx
  artifactKey: Guid(972d03c69bd979343ac98f730cac008e) Importer(815301076,1909f56bfc062723c751e8b465ee728b)
Start importing Assets/Asset Packs/Synty - Polygon Student Sample/Models/SM_Env_Tree_010.fbx using Guid(972d03c69bd979343ac98f730cac008e) Importer(815301076,1909f56bfc062723c751e8b465ee728b)  -> (artifact id: 'e34aba6f7f3a2765f0e972011835c6d7') in 0.017885 seconds
  Import took 0.019982 seconds .

========================================================================
Received Import Request.
  Time since last request: 0.000174 seconds.
  path: Assets/Asset Packs/Synty - Polygon Student Sample/Models/SM_Env_TreeLog_01.fbx
  artifactKey: Guid(58f050ea18787f74592ff7c8933b5b2f) Importer(815301076,1909f56bfc062723c751e8b465ee728b)
Start importing Assets/Asset Packs/Synty - Polygon Student Sample/Models/SM_Env_TreeLog_01.fbx using Guid(58f050ea18787f74592ff7c8933b5b2f) Importer(815301076,1909f56bfc062723c751e8b465ee728b)  -> (artifact id: 'a3665486190c28f96e700f832d06cbed') in 0.018054 seconds
  Import took 0.020272 seconds .

========================================================================
Received Import Request.
  Time since last request: 0.000163 seconds.
  path: Assets/Asset Packs/Synty - Polygon Student Sample/Models/SM_Bld_Village_02.fbx
  artifactKey: Guid(7cdd4aad661174e418cd81a99eccb1bc) Importer(815301076,1909f56bfc062723c751e8b465ee728b)
Start importing Assets/Asset Packs/Synty - Polygon Student Sample/Models/SM_Bld_Village_02.fbx using Guid(7cdd4aad661174e418cd81a99eccb1bc) Importer(815301076,1909f56bfc062723c751e8b465ee728b)  -> (artifact id: '33eacc6fb2cf077e91becdb8002bc657') in 0.018207 seconds
  Import took 0.020192 seconds .

========================================================================
Received Import Request.
  Time since last request: 0.000176 seconds.
  path: Assets/Asset Packs/Synty - Polygon Student Sample/Models/SM_Env_GroundMound_01.fbx
  artifactKey: Guid(43d17cc0367b60048a055d0dbc845258) Importer(815301076,1909f56bfc062723c751e8b465ee728b)
Start importing Assets/Asset Packs/Synty - Polygon Student Sample/Models/SM_Env_GroundMound_01.fbx using Guid(43d17cc0367b60048a055d0dbc845258) Importer(815301076,1909f56bfc062723c751e8b465ee728b)  -> (artifact id: '066a32c23bca5c2c0288dbd1354c716c') in 0.017610 seconds
  Import took 0.020190 seconds .

========================================================================
Received Import Request.
  Time since last request: 0.000154 seconds.
  path: Assets/Asset Packs/Synty - Polygon Student Sample/Models/SM_Env_Tile_Grass_01.fbx
  artifactKey: Guid(6f89b704fb389db48aafe49efde83db6) Importer(815301076,1909f56bfc062723c751e8b465ee728b)
Start importing Assets/Asset Packs/Synty - Polygon Student Sample/Models/SM_Env_Tile_Grass_01.fbx using Guid(6f89b704fb389db48aafe49efde83db6) Importer(815301076,1909f56bfc062723c751e8b465ee728b)  -> (artifact id: '55ca6ff18da6b63b9f66e9fd4495fc6d') in 0.016718 seconds
  Import took 0.018977 seconds .

========================================================================
Received Import Request.
  Time since last request: 0.000139 seconds.
  path: Assets/Asset Packs/Synty - Polygon Student Sample/Models/SM_Bld_House_Base_01.fbx
  artifactKey: Guid(3575b401828b93647871254a386a8c57) Importer(815301076,1909f56bfc062723c751e8b465ee728b)
Start importing Assets/Asset Packs/Synty - Polygon Student Sample/Models/SM_Bld_House_Base_01.fbx using Guid(3575b401828b93647871254a386a8c57) Importer(815301076,1909f56bfc062723c751e8b465ee728b)  -> (artifact id: 'ec329562be8a1ae6cde2dbda05cd8c54') in 0.017439 seconds
  Import took 0.019656 seconds .

========================================================================
Received Import Request.
  Time since last request: 0.000138 seconds.
  path: Assets/Asset Packs/Synty - Polygon Student Sample/Models/SM_Env_Tree_03.fbx
  artifactKey: Guid(189a561530b276147a2f2c200d715a84) Importer(815301076,1909f56bfc062723c751e8b465ee728b)
Start importing Assets/Asset Packs/Synty - Polygon Student Sample/Models/SM_Env_Tree_03.fbx using Guid(189a561530b276147a2f2c200d715a84) Importer(815301076,1909f56bfc062723c751e8b465ee728b)  -> (artifact id: '6219da9b218111e7956a47800eb7ba42') in 0.017511 seconds
  Import took 0.020204 seconds .

========================================================================
Received Import Request.
  Time since last request: 0.000153 seconds.
  path: Assets/Asset Packs/Synty - Polygon Student Sample/Models/SM_Bld_Hut_01.fbx
  artifactKey: Guid(92f411609fca4d74d98af8e1bd1d4732) Importer(815301076,1909f56bfc062723c751e8b465ee728b)
Start importing Assets/Asset Packs/Synty - Polygon Student Sample/Models/SM_Bld_Hut_01.fbx using Guid(92f411609fca4d74d98af8e1bd1d4732) Importer(815301076,1909f56bfc062723c751e8b465ee728b)  -> (artifact id: '82cf113d5e571b97d8c332955f77f516') in 0.019930 seconds
  Import took 0.022206 seconds .

========================================================================
Received Prepare
Registering precompiled user dll's ...
Registered in 0.001346 seconds.
Begin MonoManager ReloadAssembly
Native extension for WindowsStandalone target not found
Refreshing native plugins compatible for Editor in 0.62 ms, found 0 plugins.
Preloading 0 native plugins for Editor in 0.00 ms.
Invoked RoslynAnalysisRunner static constructor.
RoslynAnalysisRunner will not be running.
RoslynAnalysisRunner has terminated.
Mono: successfully reloaded assembly
- Completed reload, in  0.498 seconds
Platform modules already initialized, skipping
Refreshing native plugins compatible for Editor in 1.44 ms, found 0 plugins.
Preloading 0 native plugins for Editor in 0.00 ms.
Unloading 1556 Unused Serialized files (Serialized files now loaded: 0)
System memory in use before: 106.0 MB.
System memory in use after: 106.1 MB.

Unloading 26 unused Assets to reduce memory usage. Loaded Objects now: 2057.
Total: 1.798000 ms (FindLiveObjects: 0.250000 ms CreateObjectMapping: 0.061700 ms MarkObjects: 1.459400 ms  DeleteObjects: 0.026100 ms)

========================================================================
Received Import Request.
  Time since last request: 115.826331 seconds.
  path: Assets/Game/Models/Wall_Doorway.prefab
  artifactKey: Guid(28e926e827ae6d046a8bf4a66a0d6e3f) Importer(815301076,1909f56bfc062723c751e8b465ee728b)
Start importing Assets/Game/Models/Wall_Doorway.prefab using Guid(28e926e827ae6d046a8bf4a66a0d6e3f) Importer(815301076,1909f56bfc062723c751e8b465ee728b)  -> (artifact id: 'af1db9e43ce695f021e72ff817388a82') in 0.050916 seconds
  Import took 0.053881 seconds .

========================================================================
Received Import Request.
  Time since last request: 469.386584 seconds.
  path: Assets/Game/Models/Portal_Doorway.prefab
  artifactKey: Guid(28e926e827ae6d046a8bf4a66a0d6e3f) Importer(815301076,1909f56bfc062723c751e8b465ee728b)
Start importing Assets/Game/Models/Portal_Doorway.prefab using Guid(28e926e827ae6d046a8bf4a66a0d6e3f) Importer(815301076,1909f56bfc062723c751e8b465ee728b)  -> (artifact id: '49fd6bf2a54243842e462a2fb5d1bc38') in 0.022148 seconds
  Import took 0.025063 seconds .

========================================================================
Received Prepare
Registering precompiled user dll's ...
Registered in 0.001617 seconds.
Begin MonoManager ReloadAssembly
Native extension for WindowsStandalone target not found
Refreshing native plugins compatible for Editor in 0.62 ms, found 0 plugins.
Preloading 0 native plugins for Editor in 0.00 ms.
Invoked RoslynAnalysisRunner static constructor.
RoslynAnalysisRunner will not be running.
RoslynAnalysisRunner has terminated.
Mono: successfully reloaded assembly
- Completed reload, in  0.496 seconds
Platform modules already initialized, skipping
Refreshing native plugins compatible for Editor in 1.54 ms, found 0 plugins.
Preloading 0 native plugins for Editor in 0.00 ms.
Unloading 1556 Unused Serialized files (Serialized files now loaded: 0)
System memory in use before: 106.2 MB.
System memory in use after: 106.4 MB.

Unloading 27 unused Assets to reduce memory usage. Loaded Objects now: 2061.
Total: 1.886000 ms (FindLiveObjects: 0.208200 ms CreateObjectMapping: 0.048800 ms MarkObjects: 1.569800 ms  DeleteObjects: 0.057900 ms)

========================================================================
Received Import Request.
  Time since last request: 159.395957 seconds.
  path: Assets/Game/Dialogue/Portal Board.asset
  artifactKey: Guid(e289bbeabd3a8344b873d70efcced061) Importer(815301076,1909f56bfc062723c751e8b465ee728b)
Start importing Assets/Game/Dialogue/Portal Board.asset using Guid(e289bbeabd3a8344b873d70efcced061) Importer(815301076,1909f56bfc062723c751e8b465ee728b) NullReferenceException: Object reference not set to an instance of an object
  at RPG.Dialogue.Dialogue.OnValidate () [0x00020] in E:\Game Making\RPG Tiny World\RPG Tiny World\Assets\Scripts\Dialogue\Dialogue.cs:23 

(Filename: Assets/Scripts/Dialogue/Dialogue.cs Line: 23)

 -> (artifact id: 'abbef84ac85b1b88b58907031645d13f') in 0.027866 seconds
  Import took 0.030425 seconds .

========================================================================
Received Prepare
Registering precompiled user dll's ...
Registered in 0.001272 seconds.
Begin MonoManager ReloadAssembly
Native extension for WindowsStandalone target not found
Refreshing native plugins compatible for Editor in 0.63 ms, found 0 plugins.
Preloading 0 native plugins for Editor in 0.00 ms.
Invoked RoslynAnalysisRunner static constructor.
RoslynAnalysisRunner will not be running.
RoslynAnalysisRunner has terminated.
Mono: successfully reloaded assembly
- Completed reload, in  0.509 seconds
Platform modules already initialized, skipping
Refreshing native plugins compatible for Editor in 1.50 ms, found 0 plugins.
Preloading 0 native plugins for Editor in 0.00 ms.
Unloading 1556 Unused Serialized files (Serialized files now loaded: 0)
System memory in use before: 106.2 MB.
System memory in use after: 106.4 MB.

Unloading 25 unused Assets to reduce memory usage. Loaded Objects now: 2063.
Total: 1.621700 ms (FindLiveObjects: 0.206000 ms CreateObjectMapping: 0.046900 ms MarkObjects: 1.350800 ms  DeleteObjects: 0.017200 ms)

========================================================================
Received Import Request.
  Time since last request: 94.909637 seconds.
  path: Assets/Game/Dialogue/Portal Board.asset
  artifactKey: Guid(e289bbeabd3a8344b873d70efcced061) Importer(815301076,1909f56bfc062723c751e8b465ee728b)
Start importing Assets/Game/Dialogue/Portal Board.asset using Guid(e289bbeabd3a8344b873d70efcced061) Importer(815301076,1909f56bfc062723c751e8b465ee728b)  -> (artifact id: 'd990cd4e261bc81b58225967bdfff021') in 0.017964 seconds
  Import took 0.020667 seconds .

========================================================================
Received Prepare
Registering precompiled user dll's ...
Registered in 0.001286 seconds.
Begin MonoManager ReloadAssembly
Native extension for WindowsStandalone target not found
Refreshing native plugins compatible for Editor in 0.62 ms, found 0 plugins.
Preloading 0 native plugins for Editor in 0.00 ms.
Invoked RoslynAnalysisRunner static constructor.
RoslynAnalysisRunner will not be running.
RoslynAnalysisRunner has terminated.
Mono: successfully reloaded assembly
- Completed reload, in  0.501 seconds
Platform modules already initialized, skipping
Refreshing native plugins compatible for Editor in 1.20 ms, found 0 plugins.
Preloading 0 native plugins for Editor in 0.00 ms.
Unloading 1556 Unused Serialized files (Serialized files now loaded: 0)
System memory in use before: 106.3 MB.
System memory in use after: 106.4 MB.

Unloading 25 unused Assets to reduce memory usage. Loaded Objects now: 2065.
Total: 1.968600 ms (FindLiveObjects: 0.283800 ms CreateObjectMapping: 0.057200 ms MarkObjects: 1.598100 ms  DeleteObjects: 0.027900 ms)

========================================================================
Received Prepare
Registering precompiled user dll's ...
Registered in 0.001270 seconds.
Begin MonoManager ReloadAssembly
Native extension for WindowsStandalone target not found
Refreshing native plugins compatible for Editor in 0.74 ms, found 0 plugins.
Preloading 0 native plugins for Editor in 0.00 ms.
Invoked RoslynAnalysisRunner static constructor.
RoslynAnalysisRunner will not be running.
RoslynAnalysisRunner has terminated.
Mono: successfully reloaded assembly
- Completed reload, in  0.614 seconds
Platform modules already initialized, skipping
Refreshing native plugins compatible for Editor in 1.19 ms, found 0 plugins.
Preloading 0 native plugins for Editor in 0.00 ms.
Unloading 1558 Unused Serialized files (Serialized files now loaded: 0)
System memory in use before: 106.3 MB.
System memory in use after: 106.4 MB.

Unloading 25 unused Assets to reduce memory usage. Loaded Objects now: 2069.
Total: 1.837000 ms (FindLiveObjects: 0.308100 ms CreateObjectMapping: 0.071500 ms MarkObjects: 1.438400 ms  DeleteObjects: 0.018200 ms)

========================================================================
Received Import Request.
  Time since last request: 1539.057720 seconds.
  path: Assets/Scripts/Combat/obj
  artifactKey: Guid(944b410e6f121114dbfb0c10c84eb116) Importer(815301076,1909f56bfc062723c751e8b465ee728b)
Start importing Assets/Scripts/Combat/obj using Guid(944b410e6f121114dbfb0c10c84eb116) Importer(815301076,1909f56bfc062723c751e8b465ee728b)  -> (artifact id: '3e40346ca08aa24533662f63c961a6d3') in 0.011198 seconds
  Import took 0.014514 seconds .

========================================================================
Received Import Request.
  Time since last request: 1.376017 seconds.
  path: Assets/Scripts/Combat/bin
  artifactKey: Guid(a80fe369c1f950c4fbe2cd812a9d0e32) Importer(815301076,1909f56bfc062723c751e8b465ee728b)
Start importing Assets/Scripts/Combat/bin using Guid(a80fe369c1f950c4fbe2cd812a9d0e32) Importer(815301076,1909f56bfc062723c751e8b465ee728b)  -> (artifact id: 'bc262e7f74fdceaae8c16340edf20b81') in 0.008095 seconds
  Import took 0.010449 seconds .

========================================================================
Received Prepare
Registering precompiled user dll's ...
Registered in 0.001267 seconds.
Begin MonoManager ReloadAssembly
Native extension for WindowsStandalone target not found
Refreshing native plugins compatible for Editor in 0.64 ms, found 0 plugins.
Preloading 0 native plugins for Editor in 0.00 ms.
Invoked RoslynAnalysisRunner static constructor.
RoslynAnalysisRunner will not be running.
RoslynAnalysisRunner has terminated.
Mono: successfully reloaded assembly
- Completed reload, in  0.531 seconds
Platform modules already initialized, skipping
Refreshing native plugins compatible for Editor in 1.52 ms, found 0 plugins.
Preloading 0 native plugins for Editor in 0.00 ms.
Unloading 1556 Unused Serialized files (Serialized files now loaded: 0)
System memory in use before: 106.3 MB.
System memory in use after: 106.4 MB.

Unloading 27 unused Assets to reduce memory usage. Loaded Objects now: 2069.
Total: 2.280300 ms (FindLiveObjects: 0.422800 ms CreateObjectMapping: 0.083500 ms MarkObjects: 1.748500 ms  DeleteObjects: 0.024500 ms)

========================================================================
Received Import Request.
  Time since last request: 200.736545 seconds.
  path: Assets/Game/Resources/Quests/Swamp Donkey Quest.asset
  artifactKey: Guid(bd2a41638285f384e8caa40016e71208) Importer(815301076,1909f56bfc062723c751e8b465ee728b)
Start importing Assets/Game/Resources/Quests/Swamp Donkey Quest.asset using Guid(bd2a41638285f384e8caa40016e71208) Importer(815301076,1909f56bfc062723c751e8b465ee728b)  -> (artifact id: '1ce4494a1841c206e88f392a005dd9ee') in 0.018319 seconds
  Import took 0.021092 seconds .

========================================================================
Received Import Request.
  Time since last request: 73.455462 seconds.
  path: Assets/Game/Resources/Quests/Tabletop World.asset
  artifactKey: Guid(8d1750675f7921548a3e72d6def5de44) Importer(815301076,1909f56bfc062723c751e8b465ee728b)
Start importing Assets/Game/Resources/Quests/Tabletop World.asset using Guid(8d1750675f7921548a3e72d6def5de44) Importer(815301076,1909f56bfc062723c751e8b465ee728b)  -> (artifact id: '952487f8741a15fab6cf3be97b84fc07') in 0.008172 seconds
  Import took 0.010500 seconds .

========================================================================
Received Import Request.
  Time since last request: 195.129735 seconds.
  path: Assets/Game/Resources/Items/Foot Cream.asset
  artifactKey: Guid(d7c0c8d4973a09742a89cdcbcca1bb3a) Importer(815301076,1909f56bfc062723c751e8b465ee728b)
Start importing Assets/Game/Resources/Items/Foot Cream.asset using Guid(d7c0c8d4973a09742a89cdcbcca1bb3a) Importer(815301076,1909f56bfc062723c751e8b465ee728b)  -> (artifact id: 'c9ca874792225f02470e4e4f8d57d8d8') in 0.010014 seconds
  Import took 0.012815 seconds .

========================================================================
Received Import Request.
  Time since last request: 4.695558 seconds.
  path: Assets/Game/Resources/Items/Foot Cream 1.asset
  artifactKey: Guid(cec9b890e9ba58c4bac59dc512d50115) Importer(815301076,1909f56bfc062723c751e8b465ee728b)
Start importing Assets/Game/Resources/Items/Foot Cream 1.asset using Guid(cec9b890e9ba58c4bac59dc512d50115) Importer(815301076,1909f56bfc062723c751e8b465ee728b)  -> (artifact id: '6e5d560b71c76fc31fb0ffecee9785f3') in 0.008658 seconds
  Import took 0.011089 seconds .

========================================================================
Received Import Request.
  Time since last request: 9.400641 seconds.
  path: Assets/Game/Resources/Items/Golden Wisk.asset
  artifactKey: Guid(cec9b890e9ba58c4bac59dc512d50115) Importer(815301076,1909f56bfc062723c751e8b465ee728b)
Start importing Assets/Game/Resources/Items/Golden Wisk.asset using Guid(cec9b890e9ba58c4bac59dc512d50115) Importer(815301076,1909f56bfc062723c751e8b465ee728b)  -> (artifact id: '33c63281f0da6b5f09212dd5f2c07193') in 0.009315 seconds
  Import took 0.011742 seconds .

========================================================================
Received Import Request.
  Time since last request: 42.249950 seconds.
  path: Assets/Game/Resources/Items/Best Bread Recipe.asset
  artifactKey: Guid(cec9b890e9ba58c4bac59dc512d50115) Importer(815301076,1909f56bfc062723c751e8b465ee728b)
Start importing Assets/Game/Resources/Items/Best Bread Recipe.asset using Guid(cec9b890e9ba58c4bac59dc512d50115) Importer(815301076,1909f56bfc062723c751e8b465ee728b)  -> (artifact id: '71726e0db2a26c1f33ebfbf13e7fdc45') in 0.009416 seconds
  Import took 0.011876 seconds .

========================================================================
Received Import Request.
  Time since last request: 32.601909 seconds.
  path: Assets/Game/Resources/Items
  artifactKey: Guid(ffc7e073285faad41959af1a432cc2a7) Importer(815301076,1909f56bfc062723c751e8b465ee728b)
Start importing Assets/Game/Resources/Items using Guid(ffc7e073285faad41959af1a432cc2a7) Importer(815301076,1909f56bfc062723c751e8b465ee728b)  -> (artifact id: '4cf1b767f032236347e36de564f1eb2e') in 0.007784 seconds
  Import took 0.010641 seconds .

========================================================================
Received Import Request.
  Time since last request: 21.609149 seconds.
  path: Assets/Game/Resources/Items/New Equipable Item.asset
  artifactKey: Guid(3c9eda76c969a5745b8ae0a823e503d1) Importer(815301076,1909f56bfc062723c751e8b465ee728b)
Start importing Assets/Game/Resources/Items/New Equipable Item.asset using Guid(3c9eda76c969a5745b8ae0a823e503d1) Importer(815301076,1909f56bfc062723c751e8b465ee728b)  -> (artifact id: '205e323e9ac624ac4217e84171e53fdf') in 0.009054 seconds
  Import took 0.012172 seconds .

========================================================================
Received Import Request.
  Time since last request: 0.007099 seconds.
  path: Assets/Game/Resources/Items/New Equipable Item.asset
  artifactKey: Guid(3c9eda76c969a5745b8ae0a823e503d1) Importer(815301076,1909f56bfc062723c751e8b465ee728b)
Start importing Assets/Game/Resources/Items/New Equipable Item.asset using Guid(3c9eda76c969a5745b8ae0a823e503d1) Importer(815301076,1909f56bfc062723c751e8b465ee728b)  -> (artifact id: '205e323e9ac624ac4217e84171e53fdf') in 0.001953 seconds
  Import took 0.004333 seconds .

========================================================================
Received Import Request.
  Time since last request: 50.904131 seconds.
  path: Assets/Game/Pickups/Bow Pickup.prefab
  artifactKey: Guid(ac69203953cc455488ca93485a71e0f9) Importer(815301076,1909f56bfc062723c751e8b465ee728b)
Start importing Assets/Game/Pickups/Bow Pickup.prefab using Guid(ac69203953cc455488ca93485a71e0f9) Importer(815301076,1909f56bfc062723c751e8b465ee728b)  -> (artifact id: '9756cfa3239465f935208963cf747f7c') in 0.043529 seconds
  Import took 0.046166 seconds .

========================================================================
Received Import Request.
  Time since last request: 0.000154 seconds.
  path: Assets/Game/Pickups/Pickup Spawner.prefab
  artifactKey: Guid(4582823fb035b6c4da3c69a0456f0939) Importer(815301076,1909f56bfc062723c751e8b465ee728b)
Start importing Assets/Game/Pickups/Pickup Spawner.prefab using Guid(4582823fb035b6c4da3c69a0456f0939) Importer(815301076,1909f56bfc062723c751e8b465ee728b)  -> (artifact id: 'd17f71458f2d14d110ddbfc65aeb9546') in 0.007734 seconds
  Import took 0.010530 seconds .

========================================================================
Received Import Request.
  Time since last request: 0.000136 seconds.
  path: Assets/Game/Pickups/Default Pickup.prefab
  artifactKey: Guid(0715da6d594191c43a75bbdd035e8646) Importer(815301076,1909f56bfc062723c751e8b465ee728b)
Start importing Assets/Game/Pickups/Default Pickup.prefab using Guid(0715da6d594191c43a75bbdd035e8646) Importer(815301076,1909f56bfc062723c751e8b465ee728b)  -> (artifact id: '19a5b371281a121656c441642c2d6629') in 0.022369 seconds
  Import took 0.024424 seconds .

========================================================================
Received Import Request.
  Time since last request: 0.000203 seconds.
  path: Assets/Game/Pickups/Root Weapon Pickup.prefab
  artifactKey: Guid(e40e67d62ab6b89468ae7e20c50c4b9e) Importer(815301076,1909f56bfc062723c751e8b465ee728b)
Start importing Assets/Game/Pickups/Root Weapon Pickup.prefab using Guid(e40e67d62ab6b89468ae7e20c50c4b9e) Importer(815301076,1909f56bfc062723c751e8b465ee728b)  -> (artifact id: '341195b5540a887831c5ea0485f1ffea') in 0.017544 seconds
  Import took 0.019917 seconds .

========================================================================
Received Import Request.
  Time since last request: 0.000140 seconds.
  path: Assets/Game/Pickups/Sword Pickup.prefab
  artifactKey: Guid(fdfb68bd34d88af4fbb8a679645d8598) Importer(815301076,1909f56bfc062723c751e8b465ee728b)
Start importing Assets/Game/Pickups/Sword Pickup.prefab using Guid(fdfb68bd34d88af4fbb8a679645d8598) Importer(815301076,1909f56bfc062723c751e8b465ee728b)  -> (artifact id: 'e522d65d5f30582723f11c2dada8c6d0') in 0.011795 seconds
  Import took 0.014229 seconds .

========================================================================
Received Import Request.
  Time since last request: 0.000130 seconds.
  path: Assets/Game/Pickups/Health Pickup.prefab
  artifactKey: Guid(4c261f4b7ae0ef941987d39bf5ffea72) Importer(815301076,1909f56bfc062723c751e8b465ee728b)
Start importing Assets/Game/Pickups/Health Pickup.prefab using Guid(4c261f4b7ae0ef941987d39bf5ffea72) Importer(815301076,1909f56bfc062723c751e8b465ee728b)  -> (artifact id: '378b2a715a42299aa2eb21353d3b4e58') in 0.012215 seconds
  Import took 0.014204 seconds .

========================================================================
Received Import Request.
  Time since last request: 0.000130 seconds.
  path: Assets/Game/Pickups/Fireball Pickup.prefab
  artifactKey: Guid(bc751394949388f4b9270cb19b495c63) Importer(815301076,1909f56bfc062723c751e8b465ee728b)
Start importing Assets/Game/Pickups/Fireball Pickup.prefab using Guid(bc751394949388f4b9270cb19b495c63) Importer(815301076,1909f56bfc062723c751e8b465ee728b)  -> (artifact id: 'ca432773a2ebefee5c3f7b034d8f688d') in 0.011138 seconds
  Import took 0.013409 seconds .

========================================================================
Received Import Request.
  Time since last request: 48.780860 seconds.
  path: Assets/Game/Resources/Items/Best Bread Recipe.asset
  artifactKey: Guid(3c9eda76c969a5745b8ae0a823e503d1) Importer(815301076,1909f56bfc062723c751e8b465ee728b)
Start importing Assets/Game/Resources/Items/Best Bread Recipe.asset using Guid(3c9eda76c969a5745b8ae0a823e503d1) Importer(815301076,1909f56bfc062723c751e8b465ee728b)  -> (artifact id: 'aca6aea32897ff276bb53ddc95eb2ccc') in 0.002162 seconds
  Import took 0.004681 seconds .

========================================================================
Received Import Request.
  Time since last request: 4.235628 seconds.
  path: Assets/Game/Resources/Quests/Tabletop World.asset
  artifactKey: Guid(8d1750675f7921548a3e72d6def5de44) Importer(815301076,1909f56bfc062723c751e8b465ee728b)
Start importing Assets/Game/Resources/Quests/Tabletop World.asset using Guid(8d1750675f7921548a3e72d6def5de44) Importer(815301076,1909f56bfc062723c751e8b465ee728b)  -> (artifact id: '70d219aed255903954ac225ec9522a29') in 0.002961 seconds
  Import took 0.005160 seconds .

========================================================================
Received Import Request.
  Time since last request: 222.786395 seconds.
  path: Assets/Scripts/Quests/bin
  artifactKey: Guid(2ef67d320855b0244b7aa5d2c823b25f) Importer(815301076,1909f56bfc062723c751e8b465ee728b)
Start importing Assets/Scripts/Quests/bin using Guid(2ef67d320855b0244b7aa5d2c823b25f) Importer(815301076,1909f56bfc062723c751e8b465ee728b)  -> (artifact id: '02d70e55660a3bc869b416528930fd5f') in 0.002006 seconds
  Import took 0.004160 seconds .

========================================================================
Received Prepare
Registering precompiled user dll's ...
Registered in 0.001190 seconds.
Begin MonoManager ReloadAssembly
Native extension for WindowsStandalone target not found
Refreshing native plugins compatible for Editor in 0.61 ms, found 0 plugins.
Preloading 0 native plugins for Editor in 0.00 ms.
Invoked RoslynAnalysisRunner static constructor.
RoslynAnalysisRunner will not be running.
RoslynAnalysisRunner has terminated.
Mono: successfully reloaded assembly
- Completed reload, in  0.520 seconds
Platform modules already initialized, skipping
Refreshing native plugins compatible for Editor in 1.16 ms, found 0 plugins.
Preloading 0 native plugins for Editor in 0.00 ms.
Unloading 1556 Unused Serialized files (Serialized files now loaded: 0)
System memory in use before: 106.3 MB.
System memory in use after: 106.4 MB.

Unloading 25 unused Assets to reduce memory usage. Loaded Objects now: 2072.
Total: 1.827900 ms (FindLiveObjects: 0.206600 ms CreateObjectMapping: 0.047400 ms MarkObjects: 1.549600 ms  DeleteObjects: 0.023400 ms)

========================================================================
Received Prepare
Registering precompiled user dll's ...
Registered in 0.001563 seconds.
Begin MonoManager ReloadAssembly
Native extension for WindowsStandalone target not found
Refreshing native plugins compatible for Editor in 0.65 ms, found 0 plugins.
Preloading 0 native plugins for Editor in 0.00 ms.
Invoked RoslynAnalysisRunner static constructor.
RoslynAnalysisRunner will not be running.
RoslynAnalysisRunner has terminated.
Mono: successfully reloaded assembly
- Completed reload, in  0.549 seconds
Platform modules already initialized, skipping
Refreshing native plugins compatible for Editor in 1.51 ms, found 0 plugins.
Preloading 0 native plugins for Editor in 0.00 ms.
Unloading 1556 Unused Serialized files (Serialized files now loaded: 0)
System memory in use before: 106.3 MB.
System memory in use after: 106.4 MB.

Unloading 25 unused Assets to reduce memory usage. Loaded Objects now: 2074.
Total: 2.060500 ms (FindLiveObjects: 0.359500 ms CreateObjectMapping: 0.113500 ms MarkObjects: 1.559000 ms  DeleteObjects: 0.027000 ms)

========================================================================
Received Prepare
Registering precompiled user dll's ...
Registered in 0.001406 seconds.
Begin MonoManager ReloadAssembly
Native extension for WindowsStandalone target not found
Refreshing native plugins compatible for Editor in 0.76 ms, found 0 plugins.
Preloading 0 native plugins for Editor in 0.00 ms.
Invoked RoslynAnalysisRunner static constructor.
RoslynAnalysisRunner will not be running.
RoslynAnalysisRunner has terminated.
Mono: successfully reloaded assembly
- Completed reload, in  0.525 seconds
Platform modules already initialized, skipping
Refreshing native plugins compatible for Editor in 1.66 ms, found 0 plugins.
Preloading 0 native plugins for Editor in 0.00 ms.
Unloading 1556 Unused Serialized files (Serialized files now loaded: 0)
System memory in use before: 106.3 MB.
System memory in use after: 106.4 MB.

Unloading 25 unused Assets to reduce memory usage. Loaded Objects now: 2076.
Total: 2.060300 ms (FindLiveObjects: 0.356600 ms CreateObjectMapping: 0.061400 ms MarkObjects: 1.620800 ms  DeleteObjects: 0.020300 ms)

========================================================================
Received Import Request.
  Time since last request: 1535.579956 seconds.
  path: Assets/Scenes/TableTop Scene.unity
  artifactKey: Guid(179a68ac831652d408385f086c210a71) Importer(815301076,1909f56bfc062723c751e8b465ee728b)
Start importing Assets/Scenes/TableTop Scene.unity using Guid(179a68ac831652d408385f086c210a71) Importer(815301076,1909f56bfc062723c751e8b465ee728b)  -> (artifact id: '6b4f9ec90a8a64350c5b5b17b21aab16') in 0.024038 seconds
  Import took 0.027152 seconds .

========================================================================
Received Prepare
Registering precompiled user dll's ...
Registered in 0.001625 seconds.
Begin MonoManager ReloadAssembly
Native extension for WindowsStandalone target not found
Refreshing native plugins compatible for Editor in 0.62 ms, found 0 plugins.
Preloading 0 native plugins for Editor in 0.00 ms.
Invoked RoslynAnalysisRunner static constructor.
RoslynAnalysisRunner will not be running.
RoslynAnalysisRunner has terminated.
Mono: successfully reloaded assembly
- Completed reload, in  0.512 seconds
Platform modules already initialized, skipping
Refreshing native plugins compatible for Editor in 1.18 ms, found 0 plugins.
Preloading 0 native plugins for Editor in 0.00 ms.
Unloading 1556 Unused Serialized files (Serialized files now loaded: 0)
System memory in use before: 106.3 MB.
System memory in use after: 106.4 MB.

Unloading 25 unused Assets to reduce memory usage. Loaded Objects now: 2078.
Total: 1.760800 ms (FindLiveObjects: 0.239000 ms CreateObjectMapping: 0.058900 ms MarkObjects: 1.444900 ms  DeleteObjects: 0.017200 ms)

========================================================================
Received Import Request.
  Time since last request: 54.371193 seconds.
  path: Assets/Game/Resources/Items/Best Bread Recipe.asset
  artifactKey: Guid(3c9eda76c969a5745b8ae0a823e503d1) Importer(815301076,1909f56bfc062723c751e8b465ee728b)
Start importing Assets/Game/Resources/Items/Best Bread Recipe.asset using Guid(3c9eda76c969a5745b8ae0a823e503d1) Importer(815301076,1909f56bfc062723c751e8b465ee728b)  -> (artifact id: '3beb69864409b38b94de7293c24d2f91') in 0.017913 seconds
  Import took 0.021650 seconds .

========================================================================
Received Import Request.
  Time since last request: 358.539670 seconds.
  path: Assets/Scenes/Main Menu.unity
  artifactKey: Guid(32a68de557ba32f4095984419b284b7f) Importer(815301076,1909f56bfc062723c751e8b465ee728b)
Start importing Assets/Scenes/Main Menu.unity using Guid(32a68de557ba32f4095984419b284b7f) Importer(815301076,1909f56bfc062723c751e8b465ee728b)  -> (artifact id: '531ce2facc3c2110bac4f8ace16dc6d8') in 0.008922 seconds
  Import took 0.011542 seconds .

========================================================================
Received Prepare
Registering precompiled user dll's ...
Registered in 0.001604 seconds.
Begin MonoManager ReloadAssembly
Native extension for WindowsStandalone target not found
Refreshing native plugins compatible for Editor in 0.65 ms, found 0 plugins.
Preloading 0 native plugins for Editor in 0.00 ms.
Invoked RoslynAnalysisRunner static constructor.
RoslynAnalysisRunner will not be running.
RoslynAnalysisRunner has terminated.
Mono: successfully reloaded assembly
- Completed reload, in  0.522 seconds
Platform modules already initialized, skipping
Refreshing native plugins compatible for Editor in 1.43 ms, found 0 plugins.
Preloading 0 native plugins for Editor in 0.00 ms.
Unloading 1556 Unused Serialized files (Serialized files now loaded: 0)
System memory in use before: 106.3 MB.
System memory in use after: 106.4 MB.

Unloading 25 unused Assets to reduce memory usage. Loaded Objects now: 2080.
Total: 2.779300 ms (FindLiveObjects: 0.328400 ms CreateObjectMapping: 0.097300 ms MarkObjects: 2.333800 ms  DeleteObjects: 0.018800 ms)

========================================================================
Received Import Request.
  Time since last request: 137.846455 seconds.
  path: Assets/Game/Dialogue/Jill The Helper.asset
  artifactKey: Guid(69063a1f18ef7ea4b838b4fae978c6b5) Importer(815301076,1909f56bfc062723c751e8b465ee728b)
Start importing Assets/Game/Dialogue/Jill The Helper.asset using Guid(69063a1f18ef7ea4b838b4fae978c6b5) Importer(815301076,1909f56bfc062723c751e8b465ee728b)  -> (artifact id: '8accb6588582aaed03adc8613aaa31c9') in 0.026192 seconds
  Import took 0.028969 seconds .

========================================================================
Received Import Request.
  Time since last request: 18.192168 seconds.
  path: Assets/Game/Core/TableTop Boss Drop.asset
  artifactKey: Guid(d1be3c2bdb1a83d47a2cd963baee29c4) Importer(815301076,1909f56bfc062723c751e8b465ee728b)
Start importing Assets/Game/Core/TableTop Boss Drop.asset using Guid(d1be3c2bdb1a83d47a2cd963baee29c4) Importer(815301076,1909f56bfc062723c751e8b465ee728b)  -> (artifact id: '83a3c39c928a4ed206b95557d65d3860') in 0.019137 seconds
  Import took 0.021961 seconds .

========================================================================
Received Import Request.
  Time since last request: 274.770425 seconds.
  path: Assets/Game/Dialogue/Portal Board.asset
  artifactKey: Guid(e289bbeabd3a8344b873d70efcced061) Importer(815301076,1909f56bfc062723c751e8b465ee728b)
Start importing Assets/Game/Dialogue/Portal Board.asset using Guid(e289bbeabd3a8344b873d70efcced061) Importer(815301076,1909f56bfc062723c751e8b465ee728b)  -> (artifact id: '3a21b4570ce8be23d25ce1672168ba63') in 0.002706 seconds
  Import took 0.005469 seconds .

========================================================================
Received Import Request.
  Time since last request: 128.438380 seconds.
  path: Assets/Scenes/Tiny Village.unity
  artifactKey: Guid(97cc4dc772985d340b4d493d41193d18) Importer(815301076,1909f56bfc062723c751e8b465ee728b)
Start importing Assets/Scenes/Tiny Village.unity using Guid(97cc4dc772985d340b4d493d41193d18) Importer(815301076,1909f56bfc062723c751e8b465ee728b)  -> (artifact id: 'ce71c1b4e0a065b8db514d2dee26d533') in 0.008690 seconds
  Import took 0.011321 seconds .

========================================================================
Received Prepare
Registering precompiled user dll's ...
Registered in 0.001416 seconds.
Begin MonoManager ReloadAssembly
Native extension for WindowsStandalone target not found
Refreshing native plugins compatible for Editor in 0.63 ms, found 0 plugins.
Preloading 0 native plugins for Editor in 0.00 ms.
Invoked RoslynAnalysisRunner static constructor.
RoslynAnalysisRunner will not be running.
RoslynAnalysisRunner has terminated.
Mono: successfully reloaded assembly
- Completed reload, in  0.510 seconds
Platform modules already initialized, skipping
Refreshing native plugins compatible for Editor in 1.37 ms, found 0 plugins.
Preloading 0 native plugins for Editor in 0.00 ms.
Unloading 1556 Unused Serialized files (Serialized files now loaded: 0)
System memory in use before: 106.3 MB.
System memory in use after: 106.4 MB.

Unloading 25 unused Assets to reduce memory usage. Loaded Objects now: 2082.
Total: 1.794600 ms (FindLiveObjects: 0.170400 ms CreateObjectMapping: 0.047700 ms MarkObjects: 1.557100 ms  DeleteObjects: 0.018300 ms)

========================================================================
Received Import Request.
  Time since last request: 63.497945 seconds.
  path: Assets/Game/Dialogue/Jill The Helper.asset
  artifactKey: Guid(69063a1f18ef7ea4b838b4fae978c6b5) Importer(815301076,1909f56bfc062723c751e8b465ee728b)
Start importing Assets/Game/Dialogue/Jill The Helper.asset using Guid(69063a1f18ef7ea4b838b4fae978c6b5) Importer(815301076,1909f56bfc062723c751e8b465ee728b)  -> (artifact id: '3c739c29678e1039b15d6e954f19845a') in 0.017729 seconds
  Import took 0.020354 seconds .

========================================================================
Received Import Request.
  Time since last request: 21.802637 seconds.
  path: Assets/Asset Packs/Animations by Explosive/2Hand-Bow/RPG-Character@2Hand-Bow-Attack1.FBX
  artifactKey: Guid(24d693751e9fd0b42ba8f9595d8b5f5e) Importer(815301076,1909f56bfc062723c751e8b465ee728b)
Start importing Assets/Asset Packs/Animations by Explosive/2Hand-Bow/RPG-Character@2Hand-Bow-Attack1.FBX using Guid(24d693751e9fd0b42ba8f9595d8b5f5e) Importer(815301076,1909f56bfc062723c751e8b465ee728b)  -> (artifact id: 'ad082a34485895ac2c102634e4e8d9d0') in 0.103098 seconds
  Import took 0.105838 seconds .

========================================================================
Received Import Request.
  Time since last request: 0.000523 seconds.
  path: Assets/Asset Packs/Animations by Explosive/2Hand-Club/RPG-Character@2Hand-Club-Attack8.FBX
  artifactKey: Guid(431be525a743d9a44bd889d99f039ec6) Importer(815301076,1909f56bfc062723c751e8b465ee728b)
Start importing Assets/Asset Packs/Animations by Explosive/2Hand-Club/RPG-Character@2Hand-Club-Attack8.FBX using Guid(431be525a743d9a44bd889d99f039ec6) Importer(815301076,1909f56bfc062723c751e8b465ee728b)  -> (artifact id: 'd584f55793e0e201319a934fb20784a5') in 0.060582 seconds
  Import took 0.062795 seconds .

========================================================================
Received Import Request.
  Time since last request: 0.000173 seconds.
  path: Assets/Asset Packs/KayKit/KayKit_Prototype_Bits_1.0_EXTRA/Assets/obj/Ammo_Box.obj
  artifactKey: Guid(95ccbe21f4585fc46b10df833163a2ea) Importer(815301076,1909f56bfc062723c751e8b465ee728b)
Start importing Assets/Asset Packs/KayKit/KayKit_Prototype_Bits_1.0_EXTRA/Assets/obj/Ammo_Box.obj using Guid(95ccbe21f4585fc46b10df833163a2ea) Importer(815301076,1909f56bfc062723c751e8b465ee728b)  -> (artifact id: 'fe305e26e614e8031e4fd8bbcc43351f') in 0.037306 seconds
  Import took 0.039845 seconds .

========================================================================
Received Import Request.
  Time since last request: 0.000123 seconds.
  path: Assets/Asset Packs/Animations by Explosive/2Hand-Club/RPG-Character@2Hand-Club-Attack8.FBX
  artifactKey: Guid(431be525a743d9a44bd889d99f039ec6) Importer(815301076,1909f56bfc062723c751e8b465ee728b)
Start importing Assets/Asset Packs/Animations by Explosive/2Hand-Club/RPG-Character@2Hand-Club-Attack8.FBX using Guid(431be525a743d9a44bd889d99f039ec6) Importer(815301076,1909f56bfc062723c751e8b465ee728b)  -> (artifact id: 'd584f55793e0e201319a934fb20784a5') in 0.020886 seconds
  Import took 0.022983 seconds .

========================================================================
Received Import Request.
  Time since last request: 0.000140 seconds.
  path: Assets/Asset Packs/Animations by Explosive/2Hand-Bow/RPG-Character@2Hand-Bow-Attack1.FBX
  artifactKey: Guid(24d693751e9fd0b42ba8f9595d8b5f5e) Importer(815301076,1909f56bfc062723c751e8b465ee728b)
Start importing Assets/Asset Packs/Animations by Explosive/2Hand-Bow/RPG-Character@2Hand-Bow-Attack1.FBX using Guid(24d693751e9fd0b42ba8f9595d8b5f5e) Importer(815301076,1909f56bfc062723c751e8b465ee728b)  -> (artifact id: 'ad082a34485895ac2c102634e4e8d9d0') in 0.012383 seconds
  Import took 0.014524 seconds .

========================================================================
Received Import Request.
  Time since last request: 0.000136 seconds.
  path: Assets/Asset Packs/Animations by Explosive/2Hand-Spear/RPG-Character@2Hand-Spear-Attack3.FBX
  artifactKey: Guid(a6f24ea0d237f8343b0f2dbf85371542) Importer(815301076,1909f56bfc062723c751e8b465ee728b)
Start importing Assets/Asset Packs/Animations by Explosive/2Hand-Spear/RPG-Character@2Hand-Spear-Attack3.FBX using Guid(a6f24ea0d237f8343b0f2dbf85371542) Importer(815301076,1909f56bfc062723c751e8b465ee728b)  -> (artifact id: 'd79f7f2435cfb19159d8c3ca299414b3') in 0.029735 seconds
  Import took 0.032795 seconds .

========================================================================
Received Import Request.
  Time since last request: 0.000145 seconds.
  path: Assets/Asset Packs/Animations by Explosive/2Hand-Sword/RPG-Character@2Hand-Sword-Attack5.FBX
  artifactKey: Guid(04cb27dc01c081446ba2c02f2761f01d) Importer(815301076,1909f56bfc062723c751e8b465ee728b)
Start importing Assets/Asset Packs/Animations by Explosive/2Hand-Sword/RPG-Character@2Hand-Sword-Attack5.FBX using Guid(04cb27dc01c081446ba2c02f2761f01d) Importer(815301076,1909f56bfc062723c751e8b465ee728b)  -> (artifact id: '5b378b67660c99246cc6df650df03812') in 0.037837 seconds
  Import took 0.040736 seconds .

========================================================================
Received Import Request.
  Time since last request: 0.000142 seconds.
  path: Assets/Asset Packs/Animations by Explosive/2Hand-Spear/RPG-Character@2Hand-Spear-Attack2.FBX
  artifactKey: Guid(27eda9f3f990c6840a532a06a17f6e15) Importer(815301076,1909f56bfc062723c751e8b465ee728b)
Start importing Assets/Asset Packs/Animations by Explosive/2Hand-Spear/RPG-Character@2Hand-Spear-Attack2.FBX using Guid(27eda9f3f990c6840a532a06a17f6e15) Importer(815301076,1909f56bfc062723c751e8b465ee728b)  -> (artifact id: '3b4c00aa441569023916e9241add93aa') in 0.031758 seconds
  Import took 0.034386 seconds .

========================================================================
Received Import Request.
  Time since last request: 0.015403 seconds.
  path: Assets/Asset Packs/Animations by Explosive/2Hand-Spear/RPG-Character@2Hand-Spear-Attack2.FBX
  artifactKey: Guid(27eda9f3f990c6840a532a06a17f6e15) Importer(815301076,1909f56bfc062723c751e8b465ee728b)
Start importing Assets/Asset Packs/Animations by Explosive/2Hand-Spear/RPG-Character@2Hand-Spear-Attack2.FBX using Guid(27eda9f3f990c6840a532a06a17f6e15) Importer(815301076,1909f56bfc062723c751e8b465ee728b)  -> (artifact id: '3b4c00aa441569023916e9241add93aa') in 0.022211 seconds
  Import took 0.025318 seconds .

========================================================================
Received Prepare
Registering precompiled user dll's ...
Registered in 0.001252 seconds.
Begin MonoManager ReloadAssembly
Native extension for WindowsStandalone target not found
Refreshing native plugins compatible for Editor in 0.63 ms, found 0 plugins.
Preloading 0 native plugins for Editor in 0.00 ms.
Invoked RoslynAnalysisRunner static constructor.
RoslynAnalysisRunner will not be running.
RoslynAnalysisRunner has terminated.
Mono: successfully reloaded assembly
- Completed reload, in  0.508 seconds
Platform modules already initialized, skipping
Refreshing native plugins compatible for Editor in 1.40 ms, found 0 plugins.
Preloading 0 native plugins for Editor in 0.00 ms.
Unloading 1556 Unused Serialized files (Serialized files now loaded: 0)
System memory in use before: 106.6 MB.
System memory in use after: 106.7 MB.

Unloading 26 unused Assets to reduce memory usage. Loaded Objects now: 2118.
Total: 2.248300 ms (FindLiveObjects: 0.318200 ms CreateObjectMapping: 0.049000 ms MarkObjects: 1.847000 ms  DeleteObjects: 0.032900 ms)

========================================================================
Received Import Request.
  Time since last request: 329.926147 seconds.
  path: Assets/Game/Resources/Quests/Tabletop World.asset
  artifactKey: Guid(8d1750675f7921548a3e72d6def5de44) Importer(815301076,1909f56bfc062723c751e8b465ee728b)
Start importing Assets/Game/Resources/Quests/Tabletop World.asset using Guid(8d1750675f7921548a3e72d6def5de44) Importer(815301076,1909f56bfc062723c751e8b465ee728b)  -> (artifact id: '776c69dad43cb1c18662f8942d9ecf3e') in 0.017940 seconds
  Import took 0.020692 seconds .

========================================================================
Received Prepare
Registering precompiled user dll's ...
Registered in 0.001394 seconds.
Begin MonoManager ReloadAssembly
Native extension for WindowsStandalone target not found
Refreshing native plugins compatible for Editor in 0.63 ms, found 0 plugins.
Preloading 0 native plugins for Editor in 0.00 ms.
Invoked RoslynAnalysisRunner static constructor.
RoslynAnalysisRunner will not be running.
RoslynAnalysisRunner has terminated.
Mono: successfully reloaded assembly
- Completed reload, in  0.518 seconds
Platform modules already initialized, skipping
Refreshing native plugins compatible for Editor in 1.42 ms, found 0 plugins.
Preloading 0 native plugins for Editor in 0.00 ms.
Unloading 1556 Unused Serialized files (Serialized files now loaded: 0)
System memory in use before: 106.6 MB.
System memory in use after: 106.7 MB.

Unloading 25 unused Assets to reduce memory usage. Loaded Objects now: 2120.
Total: 2.994200 ms (FindLiveObjects: 0.494500 ms CreateObjectMapping: 0.106800 ms MarkObjects: 2.362200 ms  DeleteObjects: 0.029600 ms)

========================================================================
Received Import Request.
  Time since last request: 988.869641 seconds.
  path: Assets/Game/Dialogue/Jill The Helper.asset
  artifactKey: Guid(69063a1f18ef7ea4b838b4fae978c6b5) Importer(815301076,1909f56bfc062723c751e8b465ee728b)
Start importing Assets/Game/Dialogue/Jill The Helper.asset using Guid(69063a1f18ef7ea4b838b4fae978c6b5) Importer(815301076,1909f56bfc062723c751e8b465ee728b)  -> (artifact id: '29bc737e79b30cd82998a81661e52b10') in 0.017874 seconds
  Import took 0.020676 seconds .

========================================================================
Received Import Request.
  Time since last request: 9.440094 seconds.
  path: Assets/Game/Resources/Quests/Tabletop World.asset
  artifactKey: Guid(8d1750675f7921548a3e72d6def5de44) Importer(815301076,1909f56bfc062723c751e8b465ee728b)
Start importing Assets/Game/Resources/Quests/Tabletop World.asset using Guid(8d1750675f7921548a3e72d6def5de44) Importer(815301076,1909f56bfc062723c751e8b465ee728b)  -> (artifact id: '1b2b4a9fe61330e46720ede5fef4ecab') in 0.004460 seconds
  Import took 0.006817 seconds .

========================================================================
Received Import Request.
  Time since last request: 77.923438 seconds.
  path: Assets/Game/Projectiles/Arrow Projectile Blue.prefab
  artifactKey: Guid(499ef6d15935cba45a408016592b8dbc) Importer(815301076,1909f56bfc062723c751e8b465ee728b)
Start importing Assets/Game/Projectiles/Arrow Projectile Blue.prefab using Guid(499ef6d15935cba45a408016592b8dbc) Importer(815301076,1909f56bfc062723c751e8b465ee728b)  -> (artifact id: '65e22231e4bc1ce2312d283bf0a59ae9') in 0.056767 seconds
  Import took 0.059475 seconds .

========================================================================
Received Import Request.
  Time since last request: 0.000196 seconds.
  path: Assets/Game/Projectiles/Arrow Projectile Red.prefab
  artifactKey: Guid(99598503be557804ea429131ed35df20) Importer(815301076,1909f56bfc062723c751e8b465ee728b)
Start importing Assets/Game/Projectiles/Arrow Projectile Red.prefab using Guid(99598503be557804ea429131ed35df20) Importer(815301076,1909f56bfc062723c751e8b465ee728b)  -> (artifact id: 'cfab71c518b45f2b5022752bfb2e0275') in 0.014026 seconds
  Import took 0.016691 seconds .

========================================================================
Received Import Request.
  Time since last request: 0.000155 seconds.
  path: Assets/Game/Projectiles/Root Arrow Projectile.prefab
  artifactKey: Guid(14c54984443e79945b41ea3045c83edc) Importer(815301076,1909f56bfc062723c751e8b465ee728b)
Start importing Assets/Game/Projectiles/Root Arrow Projectile.prefab using Guid(14c54984443e79945b41ea3045c83edc) Importer(815301076,1909f56bfc062723c751e8b465ee728b)  -> (artifact id: '2cc6ce5e8413e35cc3e46ff448ec6abb') in 0.035036 seconds
  Import took 0.037278 seconds .

========================================================================
Received Import Request.
  Time since last request: 0.000141 seconds.
  path: Assets/Game/Projectiles/Fireball Projectile.prefab
  artifactKey: Guid(fcff971cc6939004ca7e345f8d0db844) Importer(815301076,1909f56bfc062723c751e8b465ee728b)
Start importing Assets/Game/Projectiles/Fireball Projectile.prefab using Guid(fcff971cc6939004ca7e345f8d0db844) Importer(815301076,1909f56bfc062723c751e8b465ee728b)  -> (artifact id: '4f31c30e33e3063a572042d63511af6f') in 0.009527 seconds
  Import took 0.011973 seconds .

========================================================================
Received Import Request.
  Time since last request: 127.470589 seconds.
  path: Assets/Scenes/Tiny Village.unity
  artifactKey: Guid(97cc4dc772985d340b4d493d41193d18) Importer(815301076,1909f56bfc062723c751e8b465ee728b)
Start importing Assets/Scenes/Tiny Village.unity using Guid(97cc4dc772985d340b4d493d41193d18) Importer(815301076,1909f56bfc062723c751e8b465ee728b)  -> (artifact id: 'e44ed8061ad666c6761f70f6c647735e') in 0.008396 seconds
  Import took 0.011541 seconds .

========================================================================
Received Prepare
Registering precompiled user dll's ...
Registered in 0.001222 seconds.
Begin MonoManager ReloadAssembly
Native extension for WindowsStandalone target not found
Refreshing native plugins compatible for Editor in 0.65 ms, found 0 plugins.
Preloading 0 native plugins for Editor in 0.00 ms.
Invoked RoslynAnalysisRunner static constructor.
RoslynAnalysisRunner will not be running.
RoslynAnalysisRunner has terminated.
Mono: successfully reloaded assembly
- Completed reload, in  0.560 seconds
Platform modules already initialized, skipping
Refreshing native plugins compatible for Editor in 1.22 ms, found 0 plugins.
Preloading 0 native plugins for Editor in 0.00 ms.
Unloading 1556 Unused Serialized files (Serialized files now loaded: 0)
System memory in use before: 106.6 MB.
System memory in use after: 106.7 MB.

Unloading 25 unused Assets to reduce memory usage. Loaded Objects now: 2124.
Total: 3.118300 ms (FindLiveObjects: 0.345600 ms CreateObjectMapping: 0.103700 ms MarkObjects: 2.641000 ms  DeleteObjects: 0.026800 ms)

========================================================================
Received Prepare
Registering precompiled user dll's ...
Registered in 0.001861 seconds.
Begin MonoManager ReloadAssembly
Native extension for WindowsStandalone target not found
Refreshing native plugins compatible for Editor in 0.63 ms, found 0 plugins.
Preloading 0 native plugins for Editor in 0.00 ms.
Invoked RoslynAnalysisRunner static constructor.
RoslynAnalysisRunner will not be running.
RoslynAnalysisRunner has terminated.
Mono: successfully reloaded assembly
- Completed reload, in  0.499 seconds
Platform modules already initialized, skipping
Refreshing native plugins compatible for Editor in 1.20 ms, found 0 plugins.
Preloading 0 native plugins for Editor in 0.00 ms.
Unloading 1556 Unused Serialized files (Serialized files now loaded: 0)
System memory in use before: 106.6 MB.
System memory in use after: 106.8 MB.

Unloading 25 unused Assets to reduce memory usage. Loaded Objects now: 2126.
Total: 1.858900 ms (FindLiveObjects: 0.229700 ms CreateObjectMapping: 0.066700 ms MarkObjects: 1.539800 ms  DeleteObjects: 0.021700 ms)

========================================================================
Received Import Request.
  Time since last request: 354.021982 seconds.
  path: Assets/Game/Dialogue/Jill The Helper.asset
  artifactKey: Guid(69063a1f18ef7ea4b838b4fae978c6b5) Importer(815301076,1909f56bfc062723c751e8b465ee728b)
Start importing Assets/Game/Dialogue/Jill The Helper.asset using Guid(69063a1f18ef7ea4b838b4fae978c6b5) Importer(815301076,1909f56bfc062723c751e8b465ee728b)  -> (artifact id: '26ed8efdbe90102f632ee59970ff9055') in 0.011378 seconds
  Import took 0.013866 seconds .

AssetImportWorkerClient::OnTransportError - code=2 error=End of file
